#
# There is insufficient memory for the Java Runtime Environment to continue.
# Native memory allocation (malloc) failed to allocate 32744 bytes for ChunkPool::allocate
# Possible reasons:
#   The system is out of physical RAM or swap space
#   The process is running with CompressedOops enabled, and the Java Heap may be blocking the growth of the native heap
# Possible solutions:
#   Reduce memory load on the system
#   Increase physical memory or swap space
#   Check if swap backing store is full
#   Decrease Java heap size (-Xmx/-Xms)
#   Decrease number of Java threads
#   Decrease Java thread stack sizes (-Xss)
#   Set larger code cache with -XX:ReservedCodeCacheSize=
#   JVM is running with Unscaled Compressed Oops mode in which the Java heap is
#     placed in the first 4GB address space. The Java Heap base address is the
#     maximum limit for the native heap growth. Please use -XX:HeapBaseMinAddress
#     to set the Java Heap base and to place the Java Heap above 4GB virtual address.
# This output file may be truncated or incomplete.
#
#  Out of Memory Error (allocation.cpp:272), pid=49456, tid=0x000000000000a310
#
# JRE version: Java(TM) SE Runtime Environment (8.0_271-b09) (build 1.8.0_271-b09)
# Java VM: Java HotSpot(TM) 64-Bit Server VM (25.271-b09 mixed mode windows-amd64 compressed oops)
# Failed to write core dump. Minidumps are not enabled by default on client versions of Windows
#

---------------  T H R E A D  ---------------

Current thread (0x000001b633375800):  JavaThread "C1 CompilerThread3" daemon [_thread_in_native, id=41744, stack(0x0000001795c00000,0x0000001795d00000)]

Stack: [0x0000001795c00000,0x0000001795d00000]
Native frames: (J=compiled Java code, j=interpreted, Vv=VM code, C=native code)
V  [jvm.dll+0x33f6c9]
V  [jvm.dll+0x286122]
V  [jvm.dll+0x286dcd]
V  [jvm.dll+0x27d805]
V  [jvm.dll+0xe5bed]
V  [jvm.dll+0xe5f4c]
V  [jvm.dll+0x27b8d7]
V  [jvm.dll+0x27ad95]
V  [jvm.dll+0x40c6c7]
V  [jvm.dll+0x40d59b]
V  [jvm.dll+0x3f102f]
V  [jvm.dll+0x3f089d]
V  [jvm.dll+0x3f0a7e]
V  [jvm.dll+0x3f01d1]
V  [jvm.dll+0x3f1c0f]
V  [jvm.dll+0xbc3eb]
V  [jvm.dll+0xbaa4b]
V  [jvm.dll+0x24e7c2]
V  [jvm.dll+0x2a2dcc]
C  [ucrtbase.dll+0x21ffa]
C  [KERNEL32.DLL+0x17974]
C  [ntdll.dll+0x6a271]


Current CompileTask:
C1:  10728 3704       1       org.springframework.asm.ClassReader::readCode (5085 bytes)


---------------  P R O C E S S  ---------------

Java Threads: ( => current thread )
  0x000001b632ed0800 JavaThread "ForkJoinPool.commonPool-worker-7" daemon [_thread_blocked, id=40364, stack(0x0000001797100000,0x0000001797200000)]
  0x000001b632ed0000 JavaThread "ForkJoinPool.commonPool-worker-6" daemon [_thread_blocked, id=48344, stack(0x0000001797000000,0x0000001797100000)]
  0x000001b632ecd800 JavaThread "HikariPool-1 connection adder" daemon [_thread_blocked, id=49336, stack(0x0000001796f00000,0x0000001797000000)]
  0x000001b632ed2000 JavaThread "ForkJoinPool.commonPool-worker-5" daemon [_thread_blocked, id=49320, stack(0x0000001796e00000,0x0000001796f00000)]
  0x000001b632ed4800 JavaThread "ForkJoinPool.commonPool-worker-4" daemon [_thread_blocked, id=49404, stack(0x0000001796d00000,0x0000001796e00000)]
  0x000001b632ed3800 JavaThread "ForkJoinPool.commonPool-worker-3" daemon [_thread_blocked, id=49364, stack(0x0000001796c00000,0x0000001796d00000)]
  0x000001b632ece800 JavaThread "ForkJoinPool.commonPool-worker-2" daemon [_thread_blocked, id=47652, stack(0x0000001796b00000,0x0000001796c00000)]
  0x000001b632ed3000 JavaThread "ForkJoinPool.commonPool-worker-1" daemon [_thread_blocked, id=47428, stack(0x0000001796a00000,0x0000001796b00000)]
  0x000001b632ecf000 JavaThread "HikariPool-1 housekeeper" daemon [_thread_blocked, id=32780, stack(0x0000001796900000,0x0000001796a00000)]
  0x000001b633477000 JavaThread "mysql-cj-abandoned-connection-cleanup" daemon [_thread_blocked, id=35164, stack(0x0000001796700000,0x0000001796800000)]
  0x000001b634761000 JavaThread "container-0" [_thread_blocked, id=13480, stack(0x0000001796600000,0x0000001796700000)]
  0x000001b6337de800 JavaThread "Catalina-utility-2" [_thread_blocked, id=40512, stack(0x0000001796500000,0x0000001796600000)]
  0x000001b6337dd800 JavaThread "Catalina-utility-1" [_thread_blocked, id=49808, stack(0x0000001796400000,0x0000001796500000)]
  0x000001b63450a000 JavaThread "RMI Scheduler(0)" daemon [_thread_blocked, id=49116, stack(0x0000001796300000,0x0000001796400000)]
  0x000001b634512000 JavaThread "RMI TCP Connection(1)-10.5.8.3" daemon [_thread_in_native, id=45736, stack(0x0000001796100000,0x0000001796200000)]
  0x000001b634418000 JavaThread "logback-2" daemon [_thread_blocked, id=48032, stack(0x0000001796200000,0x0000001796300000)]
  0x000001b6338a5000 JavaThread "logback-1" daemon [_thread_blocked, id=49132, stack(0x0000001796000000,0x0000001796100000)]
  0x000001b63365f000 JavaThread "RMI TCP Accept-0" daemon [_thread_in_native, id=46616, stack(0x0000001795e00000,0x0000001795f00000)]
  0x000001b633427800 JavaThread "Service Thread" daemon [_thread_blocked, id=41680, stack(0x0000001795d00000,0x0000001795e00000)]
=>0x000001b633375800 JavaThread "C1 CompilerThread3" daemon [_thread_in_native, id=41744, stack(0x0000001795c00000,0x0000001795d00000)]
  0x000001b63334e800 JavaThread "C2 CompilerThread2" daemon [_thread_blocked, id=41120, stack(0x0000001795b00000,0x0000001795c00000)]
  0x000001b633343800 JavaThread "C2 CompilerThread1" daemon [_thread_blocked, id=5424, stack(0x0000001795a00000,0x0000001795b00000)]
  0x000001b63333d800 JavaThread "C2 CompilerThread0" daemon [_thread_blocked, id=49780, stack(0x0000001795900000,0x0000001795a00000)]
  0x000001b63333a000 JavaThread "Monitor Ctrl-Break" daemon [_thread_in_native, id=48468, stack(0x0000001795800000,0x0000001795900000)]
  0x000001b63112a800 JavaThread "Attach Listener" daemon [_thread_blocked, id=48056, stack(0x0000001795700000,0x0000001795800000)]
  0x000001b6310d5000 JavaThread "Signal Dispatcher" daemon [_thread_blocked, id=18180, stack(0x0000001795600000,0x0000001795700000)]
  0x000001b6310a0800 JavaThread "Finalizer" daemon [_thread_blocked, id=49460, stack(0x0000001795500000,0x0000001795600000)]
  0x000001b631098000 JavaThread "Reference Handler" daemon [_thread_blocked, id=49624, stack(0x0000001795400000,0x0000001795500000)]
  0x000001b61c117000 JavaThread "main" [_thread_in_native, id=22044, stack(0x0000001794a00000,0x0000001794b00000)]

Other Threads:
  0x000001b63106f800 VMThread [stack: 0x0000001795300000,0x0000001795400000] [id=49812]
  0x000001b633668800 WatcherThread [stack: 0x0000001795f00000,0x0000001796000000] [id=42672]

VM state:not at safepoint (normal execution)

VM Mutex/Monitor currently owned by a thread: None

heap address: 0x00000000a1e00000, size: 1506 MB, Compressed Oops mode: 32-bit
Narrow klass base: 0x0000000000000000, Narrow klass shift: 3
Compressed class space size: 1073741824 Address: 0x0000000100000000

Heap:
 PSYoungGen      total 178176K, used 91389K [0x00000000e0a00000, 0x00000000ec280000, 0x0000000100000000)
  eden space 167424K, 54% used [0x00000000e0a00000,0x00000000e633f750,0x00000000ead80000)
  from space 10752K, 0% used [0x00000000ead80000,0x00000000ead80000,0x00000000eb800000)
  to   space 9216K, 0% used [0x00000000eb980000,0x00000000eb980000,0x00000000ec280000)
 ParOldGen       total 43520K, used 11854K [0x00000000a1e00000, 0x00000000a4880000, 0x00000000e0a00000)
  object space 43520K, 27% used [0x00000000a1e00000,0x00000000a29939b8,0x00000000a4880000)
 Metaspace       used 35539K, capacity 37352K, committed 37632K, reserved 1089536K
  class space    used 4682K, capacity 5028K, committed 5120K, reserved 1048576K

Card table byte_map: [0x000001b62cf20000,0x000001b62d220000] byte_map_base: 0x000001b62ca11000

Marking Bits: (ParMarkBitMap*) 0x0000000066db7fe0
 Begin Bits: [0x000001b62d420000, 0x000001b62eba8000)
 End Bits:   [0x000001b62eba8000, 0x000001b630330000)

Polling page: 0x000001b61c290000

CodeCache: size=245760Kb used=7527Kb max_used=7527Kb free=238232Kb
 bounds [0x000001b61db60000, 0x000001b61e2c0000, 0x000001b62cb60000]
 total_blobs=4178 nmethods=3703 adapters=388
 compilation: enabled

Compilation events (10 events):
Event: 10.642 Thread 0x000001b633375800 nmethod 3699 0x000001b61e2b87d0 code [0x000001b61e2b8920, 0x000001b61e2b8a78]
Event: 10.642 Thread 0x000001b633375800 3700       1       org.springframework.beans.factory.annotation.QualifierAnnotationAutowireCandidateResolver::isAutowireCandidate (72 bytes)
Event: 10.643 Thread 0x000001b633375800 nmethod 3700 0x000001b61e2b8ad0 code [0x000001b61e2b8c80, 0x000001b61e2b8fc0]
Event: 10.643 Thread 0x000001b633375800 3701       1       org.springframework.beans.factory.support.GenericTypeAwareAutowireCandidateResolver::isAutowireCandidate (18 bytes)
Event: 10.643 Thread 0x000001b633375800 nmethod 3701 0x000001b61e2b9310 code [0x000001b61e2b9480, 0x000001b61e2b9620]
Event: 10.645 Thread 0x000001b633375800 3702   !   1       org.springframework.core.annotation.AnnotationsScanner::processElement (40 bytes)
Event: 10.645 Thread 0x000001b633375800 nmethod 3702 0x000001b61e2b9710 code [0x000001b61e2b98a0, 0x000001b61e2b9aa0]
Event: 10.650 Thread 0x000001b633375800 3703       1       org.springframework.beans.factory.support.AbstractAutowireCapableBeanFactory::getParameterNameDiscoverer (5 bytes)
Event: 10.650 Thread 0x000001b633375800 nmethod 3703 0x000001b61e2b9bd0 code [0x000001b61e2b9d20, 0x000001b61e2b9e38]
Event: 10.652 Thread 0x000001b633375800 3704       1       org.springframework.asm.ClassReader::readCode (5085 bytes)

GC Heap History (10 events):
Event: 7.314 GC heap before
{Heap before GC invocations=7 (full 1):
 PSYoungGen      total 106496K, used 5932K [0x00000000e0a00000, 0x00000000e7b00000, 0x0000000100000000)
  eden space 98304K, 0% used [0x00000000e0a00000,0x00000000e0a00000,0x00000000e6a00000)
  from space 8192K, 72% used [0x00000000e7300000,0x00000000e78cb348,0x00000000e7b00000)
  to   space 8704K, 0% used [0x00000000e6a00000,0x00000000e6a00000,0x00000000e7280000)
 ParOldGen       total 65536K, used 9621K [0x00000000a1e00000, 0x00000000a5e00000, 0x00000000e0a00000)
  object space 65536K, 14% used [0x00000000a1e00000,0x00000000a2765778,0x00000000a5e00000)
 Metaspace       used 20388K, capacity 21166K, committed 21296K, reserved 1067008K
  class space    used 2649K, capacity 2849K, committed 2944K, reserved 1048576K
Event: 7.368 GC heap after
Heap after GC invocations=7 (full 1):
 PSYoungGen      total 106496K, used 0K [0x00000000e0a00000, 0x00000000e7b00000, 0x0000000100000000)
  eden space 98304K, 0% used [0x00000000e0a00000,0x00000000e0a00000,0x00000000e6a00000)
  from space 8192K, 0% used [0x00000000e7300000,0x00000000e7300000,0x00000000e7b00000)
  to   space 8704K, 0% used [0x00000000e6a00000,0x00000000e6a00000,0x00000000e7280000)
 ParOldGen       total 43520K, used 7626K [0x00000000a1e00000, 0x00000000a4880000, 0x00000000e0a00000)
  object space 43520K, 17% used [0x00000000a1e00000,0x00000000a25729c0,0x00000000a4880000)
 Metaspace       used 20388K, capacity 21166K, committed 21296K, reserved 1067008K
  class space    used 2649K, capacity 2849K, committed 2944K, reserved 1048576K
}
Event: 8.304 GC heap before
{Heap before GC invocations=8 (full 1):
 PSYoungGen      total 106496K, used 98304K [0x00000000e0a00000, 0x00000000e7b00000, 0x0000000100000000)
  eden space 98304K, 100% used [0x00000000e0a00000,0x00000000e6a00000,0x00000000e6a00000)
  from space 8192K, 0% used [0x00000000e7300000,0x00000000e7300000,0x00000000e7b00000)
  to   space 8704K, 0% used [0x00000000e6a00000,0x00000000e6a00000,0x00000000e7280000)
 ParOldGen       total 43520K, used 7626K [0x00000000a1e00000, 0x00000000a4880000, 0x00000000e0a00000)
  object space 43520K, 17% used [0x00000000a1e00000,0x00000000a25729c0,0x00000000a4880000)
 Metaspace       used 24467K, capacity 25580K, committed 25856K, reserved 1071104K
  class space    used 3244K, capacity 3494K, committed 3584K, reserved 1048576K
Event: 8.312 GC heap after
Heap after GC invocations=8 (full 1):
 PSYoungGen      total 107008K, used 8073K [0x00000000e0a00000, 0x00000000ec280000, 0x0000000100000000)
  eden space 98304K, 0% used [0x00000000e0a00000,0x00000000e0a00000,0x00000000e6a00000)
  from space 8704K, 92% used [0x00000000e6a00000,0x00000000e71e27e0,0x00000000e7280000)
  to   space 9216K, 0% used [0x00000000eb980000,0x00000000eb980000,0x00000000ec280000)
 ParOldGen       total 43520K, used 7634K [0x00000000a1e00000, 0x00000000a4880000, 0x00000000e0a00000)
  object space 43520K, 17% used [0x00000000a1e00000,0x00000000a25749c0,0x00000000a4880000)
 Metaspace       used 24467K, capacity 25580K, committed 25856K, reserved 1071104K
  class space    used 3244K, capacity 3494K, committed 3584K, reserved 1048576K
}
Event: 9.563 GC heap before
{Heap before GC invocations=9 (full 1):
 PSYoungGen      total 107008K, used 106377K [0x00000000e0a00000, 0x00000000ec280000, 0x0000000100000000)
  eden space 98304K, 100% used [0x00000000e0a00000,0x00000000e6a00000,0x00000000e6a00000)
  from space 8704K, 92% used [0x00000000e6a00000,0x00000000e71e27e0,0x00000000e7280000)
  to   space 9216K, 0% used [0x00000000eb980000,0x00000000eb980000,0x00000000ec280000)
 ParOldGen       total 43520K, used 7634K [0x00000000a1e00000, 0x00000000a4880000, 0x00000000e0a00000)
  object space 43520K, 17% used [0x00000000a1e00000,0x00000000a25749c0,0x00000000a4880000)
 Metaspace       used 29686K, capacity 31306K, committed 31488K, reserved 1079296K
  class space    used 3949K, capacity 4247K, committed 4352K, reserved 1048576K
Event: 9.575 GC heap after
Heap after GC invocations=9 (full 1):
 PSYoungGen      total 176640K, used 9197K [0x00000000e0a00000, 0x00000000ec280000, 0x0000000100000000)
  eden space 167424K, 0% used [0x00000000e0a00000,0x00000000e0a00000,0x00000000ead80000)
  from space 9216K, 99% used [0x00000000eb980000,0x00000000ec27b780,0x00000000ec280000)
  to   space 10752K, 0% used [0x00000000ead80000,0x00000000ead80000,0x00000000eb800000)
 ParOldGen       total 43520K, used 8467K [0x00000000a1e00000, 0x00000000a4880000, 0x00000000e0a00000)
  object space 43520K, 19% used [0x00000000a1e00000,0x00000000a2644c10,0x00000000a4880000)
 Metaspace       used 29686K, capacity 31306K, committed 31488K, reserved 1079296K
  class space    used 3949K, capacity 4247K, committed 4352K, reserved 1048576K
}
Event: 9.623 GC heap before
{Heap before GC invocations=10 (full 1):
 PSYoungGen      total 176640K, used 18785K [0x00000000e0a00000, 0x00000000ec280000, 0x0000000100000000)
  eden space 167424K, 5% used [0x00000000e0a00000,0x00000000e135cf08,0x00000000ead80000)
  from space 9216K, 99% used [0x00000000eb980000,0x00000000ec27b780,0x00000000ec280000)
  to   space 10752K, 0% used [0x00000000ead80000,0x00000000ead80000,0x00000000eb800000)
 ParOldGen       total 43520K, used 8467K [0x00000000a1e00000, 0x00000000a4880000, 0x00000000e0a00000)
  object space 43520K, 19% used [0x00000000a1e00000,0x00000000a2644c10,0x00000000a4880000)
 Metaspace       used 29933K, capacity 31546K, committed 31744K, reserved 1085440K
  class space    used 3984K, capacity 4283K, committed 4352K, reserved 1048576K
Event: 9.630 GC heap after
Heap after GC invocations=10 (full 1):
 PSYoungGen      total 178176K, used 6254K [0x00000000e0a00000, 0x00000000ec280000, 0x0000000100000000)
  eden space 167424K, 0% used [0x00000000e0a00000,0x00000000e0a00000,0x00000000ead80000)
  from space 10752K, 58% used [0x00000000ead80000,0x00000000eb39b9a8,0x00000000eb800000)
  to   space 9216K, 0% used [0x00000000eb980000,0x00000000eb980000,0x00000000ec280000)
 ParOldGen       total 43520K, used 8475K [0x00000000a1e00000, 0x00000000a4880000, 0x00000000e0a00000)
  object space 43520K, 19% used [0x00000000a1e00000,0x00000000a2646c10,0x00000000a4880000)
 Metaspace       used 29933K, capacity 31546K, committed 31744K, reserved 1085440K
  class space    used 3984K, capacity 4283K, committed 4352K, reserved 1048576K
}
Event: 9.630 GC heap before
{Heap before GC invocations=11 (full 2):
 PSYoungGen      total 178176K, used 6254K [0x00000000e0a00000, 0x00000000ec280000, 0x0000000100000000)
  eden space 167424K, 0% used [0x00000000e0a00000,0x00000000e0a00000,0x00000000ead80000)
  from space 10752K, 58% used [0x00000000ead80000,0x00000000eb39b9a8,0x00000000eb800000)
  to   space 9216K, 0% used [0x00000000eb980000,0x00000000eb980000,0x00000000ec280000)
 ParOldGen       total 43520K, used 8475K [0x00000000a1e00000, 0x00000000a4880000, 0x00000000e0a00000)
  object space 43520K, 19% used [0x00000000a1e00000,0x00000000a2646c10,0x00000000a4880000)
 Metaspace       used 29933K, capacity 31546K, committed 31744K, reserved 1085440K
  class space    used 3984K, capacity 4283K, committed 4352K, reserved 1048576K
Event: 9.695 GC heap after
Heap after GC invocations=11 (full 2):
 PSYoungGen      total 178176K, used 0K [0x00000000e0a00000, 0x00000000ec280000, 0x0000000100000000)
  eden space 167424K, 0% used [0x00000000e0a00000,0x00000000e0a00000,0x00000000ead80000)
  from space 10752K, 0% used [0x00000000ead80000,0x00000000ead80000,0x00000000eb800000)
  to   space 9216K, 0% used [0x00000000eb980000,0x00000000eb980000,0x00000000ec280000)
 ParOldGen       total 43520K, used 11854K [0x00000000a1e00000, 0x00000000a4880000, 0x00000000e0a00000)
  object space 43520K, 27% used [0x00000000a1e00000,0x00000000a29939b8,0x00000000a4880000)
 Metaspace       used 29933K, capacity 31546K, committed 31744K, reserved 1083392K
  class space    used 3984K, capacity 4283K, committed 4352K, reserved 1048576K
}

Deoptimization events (0 events):
No events

Classes redefined (0 events):
No events

Internal exceptions (10 events):
Event: 10.469 Thread 0x000001b61c117000 Exception <a 'java/lang/ArrayIndexOutOfBoundsException'> (0x00000000e5327a90) thrown at [C:\jenkins\workspace\8-2-build-windows-amd64-cygwin\jdk8u271\605\hotspot\src\share\vm\runtime\sharedRuntime.cpp, line 609]
Event: 10.469 Thread 0x000001b61c117000 Exception <a 'java/lang/ArrayIndexOutOfBoundsException'> (0x00000000e5328f98) thrown at [C:\jenkins\workspace\8-2-build-windows-amd64-cygwin\jdk8u271\605\hotspot\src\share\vm\runtime\sharedRuntime.cpp, line 609]
Event: 10.471 Thread 0x000001b61c117000 Exception <a 'java/lang/ClassNotFoundException': org/springframework/context/ApplicationContextAwareCustomizer> (0x00000000e534fcc8) thrown at [C:\jenkins\workspace\8-2-build-windows-amd64-cygwin\jdk8u271\605\hotspot\src\share\vm\classfile\systemDictionar
Event: 10.472 Thread 0x000001b61c117000 Exception <a 'java/lang/ClassNotFoundException': org/springframework/beans/factory/AwareCustomizer> (0x00000000e5370628) thrown at [C:\jenkins\workspace\8-2-build-windows-amd64-cygwin\jdk8u271\605\hotspot\src\share\vm\classfile\systemDictionary.cpp, line 
Event: 10.473 Thread 0x000001b61c117000 Exception <a 'java/lang/ClassNotFoundException': org/springframework/context/ApplicationListenerCustomizer> (0x00000000e53925a8) thrown at [C:\jenkins\workspace\8-2-build-windows-amd64-cygwin\jdk8u271\605\hotspot\src\share\vm\classfile\systemDictionary.cp
Event: 10.473 Thread 0x000001b61c117000 Exception <a 'java/lang/ArrayIndexOutOfBoundsException'> (0x00000000e53930e8) thrown at [C:\jenkins\workspace\8-2-build-windows-amd64-cygwin\jdk8u271\605\hotspot\src\share\vm\runtime\sharedRuntime.cpp, line 609]
Event: 10.474 Thread 0x000001b61c117000 Exception <a 'java/lang/ClassNotFoundException': java/util/EventListenerCustomizer> (0x00000000e53a0a20) thrown at [C:\jenkins\workspace\8-2-build-windows-amd64-cygwin\jdk8u271\605\hotspot\src\share\vm\classfile\systemDictionary.cpp, line 212]
Event: 10.474 Thread 0x000001b61c117000 Exception <a 'java/lang/ClassNotFoundException': org/springframework/beans/factory/InitializingBeanCustomizer> (0x00000000e53c40d0) thrown at [C:\jenkins\workspace\8-2-build-windows-amd64-cygwin\jdk8u271\605\hotspot\src\share\vm\classfile\systemDictionary
Event: 10.631 Thread 0x000001b61c117000 Exception <a 'java/lang/ArrayIndexOutOfBoundsException'> (0x00000000e5c73698) thrown at [C:\jenkins\workspace\8-2-build-windows-amd64-cygwin\jdk8u271\605\hotspot\src\share\vm\runtime\sharedRuntime.cpp, line 609]
Event: 10.639 Thread 0x000001b61c117000 Exception <a 'java/lang/ArrayIndexOutOfBoundsException'> (0x00000000e5cc1700) thrown at [C:\jenkins\workspace\8-2-build-windows-amd64-cygwin\jdk8u271\605\hotspot\src\share\vm\runtime\sharedRuntime.cpp, line 609]

Events (10 events):
Event: 10.648 loading class com/google/common/collect/FluentIterable
Event: 10.648 loading class com/google/common/collect/FluentIterable done
Event: 10.654 loading class springfox/documentation/schema/CachingModelDependencyProvider$1
Event: 10.654 loading class springfox/documentation/schema/CachingModelDependencyProvider$1 done
Event: 10.656 loading class springfox/documentation/schema/CachingModelProvider$1
Event: 10.656 loading class springfox/documentation/schema/CachingModelProvider$1 done
Event: 10.662 loading class com/google/common/collect/ImmutableSet
Event: 10.662 loading class com/google/common/collect/ImmutableSet done
Event: 10.667 loading class org/springframework/web/servlet/mvc/condition/NameValueExpression
Event: 10.668 loading class org/springframework/web/servlet/mvc/condition/NameValueExpression done


Dynamic libraries:
0x00007ff64a330000 - 0x00007ff64a377000 	D:\idea\JDK\bin\java.exe
0x00007ffe4bf90000 - 0x00007ffe4c17d000 	C:\WINDOWS\SYSTEM32\ntdll.dll
0x00007ffe49ae0000 - 0x00007ffe49b93000 	C:\WINDOWS\System32\KERNEL32.DLL
0x00007ffe489f0000 - 0x00007ffe48c85000 	C:\WINDOWS\System32\KERNELBASE.dll
0x00007ffe4bdf0000 - 0x00007ffe4be93000 	C:\WINDOWS\System32\ADVAPI32.dll
0x00007ffe49d50000 - 0x00007ffe49dee000 	C:\WINDOWS\System32\msvcrt.dll
0x00007ffe4bbe0000 - 0x00007ffe4bc7e000 	C:\WINDOWS\System32\sechost.dll
0x00007ffe49c20000 - 0x00007ffe49d42000 	C:\WINDOWS\System32\RPCRT4.dll
0x00007ffe49910000 - 0x00007ffe49aa7000 	C:\WINDOWS\System32\USER32.dll
0x00007ffe48820000 - 0x00007ffe48840000 	C:\WINDOWS\System32\win32u.dll
0x00007ffe49ab0000 - 0x00007ffe49ad9000 	C:\WINDOWS\System32\GDI32.dll
0x00007ffe48ff0000 - 0x00007ffe49189000 	C:\WINDOWS\System32\gdi32full.dll
0x00007ffe48ea0000 - 0x00007ffe48f40000 	C:\WINDOWS\System32\msvcp_win.dll
0x00007ffe488f0000 - 0x00007ffe489ea000 	C:\WINDOWS\System32\ucrtbase.dll
0x00007ffe3efa0000 - 0x00007ffe3f219000 	C:\WINDOWS\WinSxS\amd64_microsoft.windows.common-controls_6595b64144ccf1df_6.0.17763.1158_none_de722d88534a897f\COMCTL32.dll
0x00007ffe49df0000 - 0x00007ffe4a11c000 	C:\WINDOWS\System32\combase.dll
0x00007ffe48050000 - 0x00007ffe480ce000 	C:\WINDOWS\System32\bcryptPrimitives.dll
0x00007ffe495c0000 - 0x00007ffe495ee000 	C:\WINDOWS\System32\IMM32.DLL
0x00007ffe3fc90000 - 0x00007ffe3fca5000 	D:\idea\JDK\jre\bin\vcruntime140.dll
0x00007ffe3bc30000 - 0x00007ffe3bccb000 	D:\idea\JDK\jre\bin\msvcp140.dll
0x00000000665c0000 - 0x0000000066e2f000 	D:\idea\JDK\jre\bin\server\jvm.dll
0x00007ffe493c0000 - 0x00007ffe493c8000 	C:\WINDOWS\System32\PSAPI.DLL
0x00007ffe426e0000 - 0x00007ffe426ea000 	C:\WINDOWS\SYSTEM32\VERSION.dll
0x00007ffe449e0000 - 0x00007ffe44a04000 	C:\WINDOWS\SYSTEM32\WINMM.dll
0x00007ffe44a10000 - 0x00007ffe44a19000 	C:\WINDOWS\SYSTEM32\WSOCK32.dll
0x00007ffe49bb0000 - 0x00007ffe49c1d000 	C:\WINDOWS\System32\WS2_32.dll
0x00007ffe449b0000 - 0x00007ffe449dd000 	C:\WINDOWS\SYSTEM32\winmmbase.dll
0x00007ffe488a0000 - 0x00007ffe488ea000 	C:\WINDOWS\System32\cfgmgr32.dll
0x00007ffe48010000 - 0x00007ffe48021000 	C:\WINDOWS\System32\kernel.appcore.dll
0x00007ffe44a50000 - 0x00007ffe44a60000 	D:\idea\JDK\jre\bin\verify.dll
0x00007ffe3fbb0000 - 0x00007ffe3fbdb000 	D:\idea\JDK\jre\bin\java.dll
0x00007ffe3c3f0000 - 0x00007ffe3c420000 	D:\idea\JDK\jre\bin\instrument.dll
0x00007ffe3fc70000 - 0x00007ffe3fc88000 	D:\idea\JDK\jre\bin\zip.dll
0x00007ffe4a6e0000 - 0x00007ffe4bbd4000 	C:\WINDOWS\System32\SHELL32.dll
0x00007ffe49510000 - 0x00007ffe495b8000 	C:\WINDOWS\System32\shcore.dll
0x00007ffe480d0000 - 0x00007ffe4881d000 	C:\WINDOWS\System32\windows.storage.dll
0x00007ffe47fe0000 - 0x00007ffe48004000 	C:\WINDOWS\System32\profapi.dll
0x00007ffe47f80000 - 0x00007ffe47fdd000 	C:\WINDOWS\System32\powrprof.dll
0x00007ffe494b0000 - 0x00007ffe49502000 	C:\WINDOWS\System32\shlwapi.dll
0x00007ffe49190000 - 0x00007ffe491a7000 	C:\WINDOWS\System32\cryptsp.dll
0x00007ffe3c130000 - 0x00007ffe3c14a000 	D:\idea\IntelliJ IDEA 2020.3\bin\breakgen64.dll
0x00007ffe3eef0000 - 0x00007ffe3ef0c000 	D:\idea\JDK\jre\bin\net.dll
0x00007ffe477f0000 - 0x00007ffe47857000 	C:\WINDOWS\system32\mswsock.dll
0x00007ffe47550000 - 0x00007ffe47617000 	C:\WINDOWS\SYSTEM32\DNSAPI.dll
0x00007ffe4a120000 - 0x00007ffe4a128000 	C:\WINDOWS\System32\NSI.dll
0x00007ffe47510000 - 0x00007ffe4754d000 	C:\WINDOWS\SYSTEM32\IPHLPAPI.DLL
0x00007ffe3cc40000 - 0x00007ffe3cc4a000 	C:\Windows\System32\rasadhlp.dll
0x00007ffe3d3f0000 - 0x00007ffe3d469000 	C:\WINDOWS\System32\fwpuclnt.dll
0x00007ffe48c90000 - 0x00007ffe48cb6000 	C:\WINDOWS\System32\bcrypt.dll
0x00007ffe3fe10000 - 0x00007ffe3fe1d000 	D:\idea\JDK\jre\bin\management.dll
0x00007ffe3c590000 - 0x00007ffe3c5a3000 	D:\idea\JDK\jre\bin\nio.dll
0x00007ffe47370000 - 0x00007ffe473a3000 	C:\WINDOWS\system32\rsaenh.dll
0x00007ffe47e80000 - 0x00007ffe47ea8000 	C:\WINDOWS\SYSTEM32\USERENV.dll
0x00007ffe479c0000 - 0x00007ffe479cc000 	C:\WINDOWS\SYSTEM32\CRYPTBASE.dll
0x00007ffe3df70000 - 0x00007ffe3df86000 	C:\WINDOWS\SYSTEM32\dhcpcsvc6.DLL
0x00007ffe3df50000 - 0x00007ffe3df6c000 	C:\WINDOWS\SYSTEM32\dhcpcsvc.DLL
0x00007ffe32bf0000 - 0x00007ffe32c06000 	C:\WINDOWS\system32\napinsp.dll
0x00007ffe32bd0000 - 0x00007ffe32bea000 	C:\WINDOWS\system32\pnrpnsp.dll
0x00007ffe3f7b0000 - 0x00007ffe3f7cb000 	C:\WINDOWS\system32\NLAapi.dll
0x00007ffe34ca0000 - 0x00007ffe34cae000 	C:\WINDOWS\System32\winrnr.dll
0x00007ffe3e1b0000 - 0x00007ffe3e1c5000 	C:\WINDOWS\system32\wshbth.dll
0x00007ffe46a40000 - 0x00007ffe46c2d000 	C:\WINDOWS\SYSTEM32\dbghelp.dll

VM Arguments:
jvm_args: -XX:TieredStopAtLevel=1 -Xverify:none -Dspring.output.ansi.enabled=always -javaagent:D:\idea\IntelliJ IDEA 2020.3\lib\idea_rt.jar=59071:D:\idea\IntelliJ IDEA 2020.3\bin -Dcom.sun.management.jmxremote -Dspring.jmx.enabled=true -Dspring.liveBeansView.mbeanDomain -Dspring.application.admin.enabled=true -Dfile.encoding=UTF-8 
java_command: com.ccut.eduservice.EduApplication
java_class_path (initial): D:\idea\JDK\jre\lib\charsets.jar;D:\idea\JDK\jre\lib\deploy.jar;D:\idea\JDK\jre\lib\ext\access-bridge-64.jar;D:\idea\JDK\jre\lib\ext\cldrdata.jar;D:\idea\JDK\jre\lib\ext\dnsns.jar;D:\idea\JDK\jre\lib\ext\jaccess.jar;D:\idea\JDK\jre\lib\ext\jfxrt.jar;D:\idea\JDK\jre\lib\ext\localedata.jar;D:\idea\JDK\jre\lib\ext\nashorn.jar;D:\idea\JDK\jre\lib\ext\sunec.jar;D:\idea\JDK\jre\lib\ext\sunjce_provider.jar;D:\idea\JDK\jre\lib\ext\sunmscapi.jar;D:\idea\JDK\jre\lib\ext\sunpkcs11.jar;D:\idea\JDK\jre\lib\ext\zipfs.jar;D:\idea\JDK\jre\lib\javaws.jar;D:\idea\JDK\jre\lib\jce.jar;D:\idea\JDK\jre\lib\jfr.jar;D:\idea\JDK\jre\lib\jfxswt.jar;D:\idea\JDK\jre\lib\jsse.jar;D:\idea\JDK\jre\lib\management-agent.jar;D:\idea\JDK\jre\lib\plugin.jar;D:\idea\JDK\jre\lib\resources.jar;D:\idea\JDK\jre\lib\rt.jar;D:\ÏîÄ¿\shopping-center\service\service_edu\target\classes;D:\maven²Ö¿â\apache-maven-3.3.9\repository\com\alibaba\easyexcel\2.1.1\easyexcel-2.1.1.jar;D:\maven²Ö¿â\apache-maven-3.3.9\repository\cglib\cglib\3.1\cglib-3.1.jar;D:\maven²Ö¿â\apache-maven-3.3.9\repository\org\ow2\asm\asm\4.2\asm-4.2.jar;D:\maven²Ö¿â\apache-maven-3.3.9\repository\org\slf4j\slf4j-api\1.7.30\slf4j-api-1.7.30.jar;D:\maven²Ö¿â\apache-maven-3.3.9\repository\org\ehcache\ehcache\3.8.1\ehcache-3.8.1.jar;D:\maven²Ö¿â\apache-maven-3.3.9\repository\org\glassfish\jaxb\jaxb-runtime\2.3.3\jaxb-runtime-2.3.3.jar;D:\maven²Ö¿â\apache-maven-3.3.9\repository\jakarta\xml\bind\jakarta.xml.bind-api\2.3.3\jakarta.xml.bind-api-2.3.3.jar;D:\maven²Ö¿â\apache-maven-3.3.9\repository\org\glassfish\jaxb\txw2\2.3.3\txw2-2.3.3.jar;D:\maven²Ö¿â\apache-maven-3.3.9\repository\com\sun\istack\istack-commons-runtime\3.0.11\istack-commons-runtime-3.0.11.jar;D:\maven²Ö¿â\apache-maven-3.3.9\repository\com\sun\activation\jakarta.activation\1.2.2\jakarta.activation-1.2.2.jar;D:\ÏîÄ¿\shopping-center\common\service-base\target\classes;D:\ÏîÄ¿\shopping-center\common\common_utils\target\classes;D:\maven²Ö¿â\apache-maven-3.3.9\repo
Launcher Type: SUN_STANDARD

Environment Variables:
JAVA_HOME=D:\idea\JDK
PATH=D:\Êý¾Ý¿â\MySQL\mysql-8.0.22-winx64\bin;C:;Program Files (x86)\MySQL\MySQL Fabric 1.5 & MySQL Utilities 1.5\;C:\Program Files (x86)\MySQL\MySQL Fabric 1.5 & MySQL Utilities 1.5\Doctrine extensions for PHP\;D:\Git\Git\cmd;C:\Program Files\nodejs\;C:\Users\½ªµÏ\AppData\Local\Microsoft\WindowsApps;;D:\VSCUS\Microsoft VS Code\bin;C:\Users\½ªµÏ\AppData\Roaming\npm
USERNAME=½ªµÏ
OS=Windows_NT
PROCESSOR_IDENTIFIER=AMD64 Family 23 Model 24 Stepping 1, AuthenticAMD



---------------  S Y S T E M  ---------------

OS: Windows 10.0 , 64 bit Build 17763 (10.0.17763.1158)

CPU:total 8 (initial active 8) (8 cores per cpu, 1 threads per core) family 23 model 24 stepping 1, cmov, cx8, fxsr, mmx, sse, sse2, sse3, ssse3, sse4.1, sse4.2, popcnt, avx, avx2, aes, clmul, mmxext, 3dnowpref, lzcnt, sse4a, tsc, tscinvbit, tscinv, bmi1

Memory: 4k page, physical 6166260k(398208k free), swap 22342896k(76k free)

vm_info: Java HotSpot(TM) 64-Bit Server VM (25.271-b09) for windows-amd64 JRE (1.8.0_271-b09), built on Sep 16 2020 19:14:59 by "" with MS VC++ 15.9 (VS2017)

time: Tue Mar 23 16:12:47 2021
timezone: ?D1¨²¡À¨º¡Á?¨º¡À??
elapsed time: 10.741824 seconds (0d 0h 0m 10s)

